2020-08-18 11:45:03 ERROR AndroidReviewsScrapper:100 - Exception while reading data from webpage for https://play.google.com/store/apps/details?id=com.optimum.lbsaopt&hl=en 
org.openqa.selenium.NoSuchElementException: no such element: Unable to locate element: {"method":"xpath","selector":"//div[contains(@class,'U26fgb O0WRkf oG5Srb C0oVfc n9lfJ M9Bg4d')]//span[contains(@class,'CwaK9')]//span[contains(@class,'RveJvd snByac')]"}
  (Session info: chrome=84.0.4147.125)
  (Driver info: chromedriver=84.0.4147.30 (48b3e868b4cc0aa7e8149519690b6f6949e110a8-refs/branch-heads/4147@{#310}),platform=Windows NT 10.0.18362 x86_64) (WARNING: The server did not provide any stacktrace information)
Command duration or timeout: 15 milliseconds
For documentation on this error, please visit: http://seleniumhq.org/exceptions/no_such_element.html
Build info: version: '2.32.0', revision: '6c40c187d01409a5dc3b7f8251859150c8af0bcb', time: '2013-04-09 10:39:28'
System info: os.name: 'Windows 10', os.arch: 'amd64', os.version: '10.0', java.version: '1.8.0_231'
Driver info: org.openqa.selenium.chrome.ChromeDriver
Capabilities [{mobileEmulationEnabled=false, timeouts={implicit=0, pageLoad=300000, script=30000}, hasTouchScreen=false, platform=XP, acceptSslCerts=false, goog:chromeOptions={debuggerAddress=localhost:55367}, acceptInsecureCerts=false, webStorageEnabled=true, browserName=chrome, takesScreenshot=true, javascriptEnabled=true, setWindowRect=true, unexpectedAlertBehaviour=ignore, applicationCacheEnabled=false, rotatable=false, networkConnectionEnabled=false, chrome={chromedriverVersion=84.0.4147.30 (48b3e868b4cc0aa7e8149519690b6f6949e110a8-refs/branch-heads/4147@{#310}), userDataDir=C:\Users\SRIDEV~1\AppData\Local\Temp\scoped_dir18396_1854507004}, takesHeapSnapshot=true, pageLoadStrategy=normal, strictFileInteractability=false, databaseEnabled=false, handlesAlerts=true, version=84.0.4147.125, browserConnectionEnabled=false, proxy={}, nativeEvents=true, locationContextEnabled=true, cssSelectorsEnabled=true, webauthn:virtualAuthenticators=true}]
Session ID: 16494e7f4034a338c11a8ffe821d5633
	at sun.reflect.NativeConstructorAccessorImpl.newInstance0(Native Method) ~[?:1.8.0_231]
	at sun.reflect.NativeConstructorAccessorImpl.newInstance(NativeConstructorAccessorImpl.java:62) ~[?:1.8.0_231]
	at sun.reflect.DelegatingConstructorAccessorImpl.newInstance(DelegatingConstructorAccessorImpl.java:45) ~[?:1.8.0_231]
	at java.lang.reflect.Constructor.newInstance(Constructor.java:423) ~[?:1.8.0_231]
	at org.openqa.selenium.remote.ErrorHandler.createThrowable(ErrorHandler.java:187) ~[selenium-remote-driver-2.32.0.jar:?]
	at org.openqa.selenium.remote.ErrorHandler.throwIfResponseFailed(ErrorHandler.java:145) ~[selenium-remote-driver-2.32.0.jar:?]
	at org.openqa.selenium.remote.RemoteWebDriver.execute(RemoteWebDriver.java:554) ~[selenium-remote-driver-2.32.0.jar:?]
	at org.openqa.selenium.remote.RemoteWebDriver.findElement(RemoteWebDriver.java:307) ~[selenium-remote-driver-2.32.0.jar:?]
	at org.openqa.selenium.remote.RemoteWebDriver.findElementByXPath(RemoteWebDriver.java:404) ~[selenium-remote-driver-2.32.0.jar:?]
	at org.openqa.selenium.By$ByXPath.findElement(By.java:344) ~[selenium-api-2.32.0.jar:?]
	at org.openqa.selenium.remote.RemoteWebDriver.findElement(RemoteWebDriver.java:299) ~[selenium-remote-driver-2.32.0.jar:?]
	at com.reviews.scrape.AndroidReviewsScrapper.webPageSurf(AndroidReviewsScrapper.java:88) [classes/:?]
	at com.reviews.scrape.AndroidReviewsScrapper.main(AndroidReviewsScrapper.java:60) [classes/:?]
