"/v1/catalog/us/apps/1234273194/reviews?l=en-US&offset=10"
"/v1/catalog/us/apps/1234273194/reviews?l=en-US&offset=20"
"/v1/catalog/us/apps/1234273194/reviews?l=en-US&offset=30"
"/v1/catalog/us/apps/1234273194/reviews?l=en-US&offset=40"
"/v1/catalog/us/apps/1234273194/reviews?l=en-US&offset=50"
"/v1/catalog/us/apps/1234273194/reviews?l=en-US&offset=60"
"/v1/catalog/us/apps/1234273194/reviews?l=en-US&offset=70"
"/v1/catalog/us/apps/1234273194/reviews?l=en-US&offset=80"
"/v1/catalog/us/apps/1234273194/reviews?l=en-US&offset=90"
"/v1/catalog/us/apps/1234273194/reviews?l=en-US&offset=100"
"/v1/catalog/us/apps/1234273194/reviews?l=en-US&offset=110"
"/v1/catalog/us/apps/1234273194/reviews?l=en-US&offset=120"
"/v1/catalog/us/apps/1234273194/reviews?l=en-US&offset=130"
"/v1/catalog/us/apps/1234273194/reviews?l=en-US&offset=140"
"/v1/catalog/us/apps/1234273194/reviews?l=en-US&offset=150"
"/v1/catalog/us/apps/1234273194/reviews?l=en-US&offset=160"
"/v1/catalog/us/apps/1234273194/reviews?l=en-US&offset=170"
"/v1/catalog/us/apps/1234273194/reviews?l=en-US&offset=180"
"/v1/catalog/us/apps/1234273194/reviews?l=en-US&offset=190"
"/v1/catalog/us/apps/1234273194/reviews?l=en-US&offset=200"
"/v1/catalog/us/apps/1234273194/reviews?l=en-US&offset=210"
"/v1/catalog/us/apps/1234273194/reviews?l=en-US&offset=220"
"/v1/catalog/us/apps/1234273194/reviews?l=en-US&offset=230"
"/v1/catalog/us/apps/1234273194/reviews?l=en-US&offset=240"
"/v1/catalog/us/apps/1234273194/reviews?l=en-US&offset=250"
"/v1/catalog/us/apps/1234273194/reviews?l=en-US&offset=260"
"/v1/catalog/us/apps/1234273194/reviews?l=en-US&offset=270"
"/v1/catalog/us/apps/1234273194/reviews?l=en-US&offset=280"
"/v1/catalog/us/apps/1234273194/reviews?l=en-US&offset=290"
"/v1/catalog/us/apps/1234273194/reviews?l=en-US&offset=300"
"/v1/catalog/us/apps/1234273194/reviews?l=en-US&offset=310"
"/v1/catalog/us/apps/1234273194/reviews?l=en-US&offset=320"
"/v1/catalog/us/apps/1234273194/reviews?l=en-US&offset=330"
"/v1/catalog/us/apps/1234273194/reviews?l=en-US&offset=340"
"/v1/catalog/us/apps/1234273194/reviews?l=en-US&offset=350"
"/v1/catalog/us/apps/1234273194/reviews?l=en-US&offset=360"

[ didn’t pay ] [4.018182]
[ home completely ] [4.0238094]
[ useless works ] [4.0489798]
[ poor service ] [4.0625]
[ poor cs ] [4.0625]
[ download speed ] [4.0666666]
[ worst company ] [4.072857]
[ long time ] [4.094851]
[ face id ] [4.1]
[ password long ] [4.111111]
[ cable boxes ] [4.116667]
[ cable box ] [4.116667]
[ payment module ] [4.133333]
[ payment til ] [4.133333]
[ car payment ] [4.133333]
[ system unavailable ] [4.1499996]
[ extremely slow ] [4.1666665]
[ apple store ] [4.166667]
[ app wouldn’t ] [4.171659]
[ live person ] [4.2]
[ web browser ] [4.2]
[ check box ] [4.2]
[ large part ] [4.2]
[ computer work ] [4.207143]
[ customer support ] [4.2375507]
[ user friendly ] [4.25]
[ friendly screens ] [4.25]
[ actual representative ] [4.25]
[ server space ] [4.25]
[ cable customer ] [4.2766666]
[ good experience ] [4.285714]
[ real support ] [4.306123]
[ sloppy interface ] [4.333333]
[ user interface ] [4.333333]
[ improvements whatsoever ] [4.333333]
[ completely unstable ] [4.357143]
[ completely hollow ] [4.357143]
[ completely pointless ] [4.357143]
[ customer end ] [4.3599997]
[ loyal customers ] [4.3599997]
[ customer service ] [4.3599997]
[ residential customers ] [4.3599997]
[ don’t download app ] [4.370144]
[ worst service ] [4.392857]
[ net online ] [4.4444447]
[ _apps_ work ] [4.457143]
[ wifi extender ] [4.4666667]
[ ios13 smh ] [4.5]
[ prize ] [4.5]
[ lousy service ] [4.5]
[ virtual assistant ] [4.5]
[ white screen ] [4.5]
[ title ] [4.5]
[ wifi connectivity issues ] [4.5738096]
[ date software ] [4.6666665]
[ bill online fix ] [4.6847215]
[ absolute worst ] [4.7261906]
[ upload speed ] [4.8]
[ website optimum support ] [4.801416]
[ altice optimum support ] [4.8221054]
[ optimum support app ] [4.8437643]
[ doesn’t work ] [4.8524914]
[ tv viewing optimum ] [4.9255066]
[ optimum app consistently ] [4.966213]
[ & improved ] [5.0]
[ figure print ] [5.0]
[ real person ] [5.028571]
[ auto pay ] [5.068182]
[ open latest update ] [5.069173]
[ past due amount ] [5.0761905]
[ optimum app due ] [5.109071]
[ automatic phone service ] [5.15]
[ optimum that’s terrible ] [5.153577]
[ place isn’t worth ] [5.2095237]
[ blank pages ] [5.25]
[ optimum internet service ] [5.281397]
[ frequent internet outages ] [5.3082705]
[ app crashes immediately ] [5.309219]
[ it’s absolutely useless ] [5.3251696]
[ bill app doesn’t ] [5.360315]
[ bs error message ] [5.366667]
[ completely useless app ] [5.370639]
[ worst app i’ve ] [5.377016]
[ home internet service ] [5.4035087]
[ bill payment option ] [5.4134827]
[ menu item feature ] [5.4153843]
[ app features work ] [5.4941864]
[ years i’ll forever ] [5.5]
[ prior vendor ] [5.5]
[ troubleshoot service problems ] [5.5555553]
[ customer service back ] [5.5787497]
[ lie bad service ] [5.5789475]
[ fourth time i’m ] [5.627418]
[ improved support app ] [5.632543]
[ customer support app ] [5.6592097]
[ optimum web page ] [5.661221]
[ user friendly app ] [5.671659]
[ good internet service ] [5.6892233]
[ billing system unavailable ] [5.693307]
[ support app doesn’t ] [5.694559]
[ lousy company optimum ] [5.724554]
[ altice login system ] [5.75]
[ immediately remove app ] [5.7637644]
[ customer service app ] [5.7816586]
[ apple mobile devices ] [5.790909]
[ contact tech support ] [5.8108845]
[ extra hold times ] [5.8170733]
[ bill can’t enroll ] [5.82664]
[ optimum can’t contract ] [5.8278875]
[ system unavailable” ] [5.85]
[ useless & garbage ] [5.894867]
[ customer service line ] [5.931428]
[ bad it’s hysterical ] [5.9789476]
[ worst cable company ] [5.9895234]
[ shame shame shame ] [6.0]
[ useless app im ] [6.0134954]
[ bills due date ] [6.0194974]
[ horrible customer service ] [6.0266666]
[ fun fact optimum ] [6.0445547]
[ internet bandwidth i’m ] [6.047187]
[ that’s complete bs ] [6.071429]
[ tv watching apps ] [6.0883255]
[ bill pay function ] [6.0887613]
[ internet connection anymore ] [6.093985]
[ bill pay option ] [6.098331]
[ terrible customer support ] [6.132288]
[ isn’t touch id ] [6.142857]
[ worst app experiences ] [6.147849]
[ iphone xs max ] [6.181818]
[ website doesn’t work ] [6.231802]
[ online account profile ] [6.232323]
[ stupid 'virtual chat ] [6.25]
[ terrible customer service ] [6.254737]
[ app doesn’t work ] [6.274151]
[ good customer service ] [6.312381]
[ bank app doesn’t ] [6.317008]
[ saturday time slot ] [6.3170733]
[ cables & computers ] [6.3333335]
[ auto pay can’t ] [6.3515153]
[ equipment doesn’t work ] [6.3524914]
[ company’s customer service ] [6.3599997]
[ customer service number ] [6.3599997]
[ poor user interface ] [6.395833]
[ tech support person ] [6.4108844]
[ disgustingly horrid app ] [6.421659]
[ poor customer service ] [6.4224997]
[ long time customers ] [6.454851]
[ worthless tropical storm ] [6.5]
[ smallest business unit ] [6.5]
[ internet troubleshooting works ] [6.527318]
[ special promotional pricing ] [6.6153846]
[ net customer site ] [6.6266665]
[ don’t work correctly ] [6.638961]
[ optimum system wouldn’t ] [6.644554]
[ big middle finger ] [6.6666665]
[ nearest optimum stores ] [6.7112217]
[ app crashes immediately app ] [6.730878]
[ worst customer service ] [6.752857]
[ customer service representative ] [6.8599997]
[ lousy customer service ] [6.8599997]
[ web browser & ] [6.866667]
[ terrible crap service optimum ] [7.0107203]
[ completely aggressive company ] [7.0371428]
[ bill smh ugh ] [7.0433073]
[ poor shabby installation ] [7.0625]
[ style cable boxes ] [7.116667]
[ network extremely unsure ] [7.1666665]
[ reliability & ease ] [7.166667]
[ single month terrible app ] [7.2462206]
[ great britain ct ] [7.25]
[ internet service provider company ] [7.291842]
[ user experience research ] [7.333333]
[ optimum’s customer service ] [7.3599997]
[ customer service rep ] [7.3599997]
[ bill pay method ] [7.361489]
[ automated bill pay ] [7.3614893]
[ it’s april mccoy ] [7.4]
[ facial recognition sign ] [7.4]
[ completely useless app crashes ] [7.4160933]
[ app quits unexpectedly ] [7.421659]
[ dev team attention ] [7.5]
[ correct authentication credentials ] [7.5]
[ net doesn’t work ] [7.5191584]
[ system unavailable” message ] [7.55]
[ activity & payments ] [7.8]
[ app simply doesn’t work ] [7.8741503]
[ cheap hybrid wrapper ] [8.0]
[ hardware & software ] [8.0]
[ customer service isn’t bad ] [8.081804]
[ payment methods effectively ] [8.133333]
[ “bill pay” part ] [8.2]
[ worst customer service i’ve ] [8.315357]
[ customer “care” centers ] [8.36]
[ billing service doesn’t work ] [8.395799]
[ real triple threat ] [8.428572]
[ don’t waste phone memory ] [8.510389]
[ ridiculous high cable prices ] [8.809829]
[ “bill system unavailable” ] [8.85]
[ minimum wage losers ] [9.0]
[ absolutely worst customer service ] [9.08619]
[ promising router management abilities ] [9.15]
[ real customer service person ] [9.388571]
[ blank white screen crashes ] [9.878788]
[ selling overpriced services app ] [9.921659]
[ tech app chat box wouldn’t ] [10.054993]
[ voicemail page doesn’t load ] [10.112016]
[ crazy bill pay constantly ] [10.13072]
[ optimum app doesn’t work anymore ] [10.318705]
[ print label doesn’t work ] [10.352491]
[ mobil server gig can’t ] [10.374243]
[ weak results can’t open ] [10.683332]
[ awesome support app prior ] [10.79921]
[ pay bill function doesn’t work ] [10.941253]
[ bill payer app bcuz ] [10.964966]
[ low budget operation🖕🏿 ] [11.25]
[ red exclamation point let’s ] [11.3]
[ giant telecommunication company don’t ] [11.361818]
[ blank webpage homepage icon ] [11.5]
[ optimum‘s remarkably poor service ] [12.0625]
[ customer services teams valuable hours ] [13.212941]
[ mesh wireless extender system ] [13.35]
[ ridiculous easter egg hunt ] [13.777778]
[ system unavailable” long long time ago ] [15.122627]
[ bill payment option doesn’t work prior app ] [15.1876335]
[ evil heartless money hungry company ] [17.9925]
[ netflix hulu amazon fios hbogo ] [21.714285]
[ low low low customer satisfaction rating ] [23.61]
[ title worst service worst speed high prize razeup ] [30.085712]
"/v1/catalog/us/apps/1234273194/reviews?l=en-US&offset=10"
"/v1/catalog/us/apps/1234273194/reviews?l=en-US&offset=20"
"/v1/catalog/us/apps/1234273194/reviews?l=en-US&offset=30"
"/v1/catalog/us/apps/1234273194/reviews?l=en-US&offset=40"
"/v1/catalog/us/apps/1234273194/reviews?l=en-US&offset=50"
"/v1/catalog/us/apps/1234273194/reviews?l=en-US&offset=60"
"/v1/catalog/us/apps/1234273194/reviews?l=en-US&offset=70"
"/v1/catalog/us/apps/1234273194/reviews?l=en-US&offset=80"
"/v1/catalog/us/apps/1234273194/reviews?l=en-US&offset=90"
"/v1/catalog/us/apps/1234273194/reviews?l=en-US&offset=100"
"/v1/catalog/us/apps/1234273194/reviews?l=en-US&offset=110"
"/v1/catalog/us/apps/1234273194/reviews?l=en-US&offset=120"
"/v1/catalog/us/apps/1234273194/reviews?l=en-US&offset=130"
"/v1/catalog/us/apps/1234273194/reviews?l=en-US&offset=140"
"/v1/catalog/us/apps/1234273194/reviews?l=en-US&offset=150"
"/v1/catalog/us/apps/1234273194/reviews?l=en-US&offset=160"
"/v1/catalog/us/apps/1234273194/reviews?l=en-US&offset=170"
"/v1/catalog/us/apps/1234273194/reviews?l=en-US&offset=180"
"/v1/catalog/us/apps/1234273194/reviews?l=en-US&offset=190"
"/v1/catalog/us/apps/1234273194/reviews?l=en-US&offset=200"
"/v1/catalog/us/apps/1234273194/reviews?l=en-US&offset=210"
"/v1/catalog/us/apps/1234273194/reviews?l=en-US&offset=220"
"/v1/catalog/us/apps/1234273194/reviews?l=en-US&offset=230"
"/v1/catalog/us/apps/1234273194/reviews?l=en-US&offset=240"
"/v1/catalog/us/apps/1234273194/reviews?l=en-US&offset=250"
"/v1/catalog/us/apps/1234273194/reviews?l=en-US&offset=260"
"/v1/catalog/us/apps/1234273194/reviews?l=en-US&offset=270"
"/v1/catalog/us/apps/1234273194/reviews?l=en-US&offset=280"
"/v1/catalog/us/apps/1234273194/reviews?l=en-US&offset=290"
"/v1/catalog/us/apps/1234273194/reviews?l=en-US&offset=300"
"/v1/catalog/us/apps/1234273194/reviews?l=en-US&offset=310"
"/v1/catalog/us/apps/1234273194/reviews?l=en-US&offset=320"
"/v1/catalog/us/apps/1234273194/reviews?l=en-US&offset=330"
"/v1/catalog/us/apps/1234273194/reviews?l=en-US&offset=340"
"/v1/catalog/us/apps/1234273194/reviews?l=en-US&offset=350"
"/v1/catalog/us/apps/1234273194/reviews?l=en-US&offset=360"

[ didn’t pay ] [4.018182]
[ home completely ] [4.0238094]
[ useless works ] [4.0489798]
[ poor service ] [4.0625]
[ poor cs ] [4.0625]
[ download speed ] [4.0666666]
[ worst company ] [4.072857]
[ long time ] [4.094851]
[ face id ] [4.1]
[ password long ] [4.111111]
[ cable boxes ] [4.116667]
[ cable box ] [4.116667]
[ payment module ] [4.133333]
[ payment til ] [4.133333]
[ car payment ] [4.133333]
[ system unavailable ] [4.1499996]
[ extremely slow ] [4.1666665]
[ apple store ] [4.166667]
[ app wouldn’t ] [4.171659]
[ live person ] [4.2]
[ web browser ] [4.2]
[ check box ] [4.2]
[ large part ] [4.2]
[ computer work ] [4.207143]
[ customer support ] [4.2375507]
[ user friendly ] [4.25]
[ friendly screens ] [4.25]
[ actual representative ] [4.25]
[ server space ] [4.25]
[ cable customer ] [4.2766666]
[ good experience ] [4.285714]
[ real support ] [4.306123]
[ sloppy interface ] [4.333333]
[ user interface ] [4.333333]
[ improvements whatsoever ] [4.333333]
[ completely unstable ] [4.357143]
[ completely hollow ] [4.357143]
[ completely pointless ] [4.357143]
[ customer end ] [4.3599997]
[ loyal customers ] [4.3599997]
[ customer service ] [4.3599997]
[ residential customers ] [4.3599997]
[ don’t download app ] [4.370144]
[ worst service ] [4.392857]
[ net online ] [4.4444447]
[ _apps_ work ] [4.457143]
[ wifi extender ] [4.4666667]
[ ios13 smh ] [4.5]
[ prize ] [4.5]
[ lousy service ] [4.5]
[ virtual assistant ] [4.5]
[ white screen ] [4.5]
[ title ] [4.5]
[ wifi connectivity issues ] [4.5738096]
[ date software ] [4.6666665]
[ bill online fix ] [4.6847215]
[ absolute worst ] [4.7261906]
[ upload speed ] [4.8]
[ website optimum support ] [4.801416]
[ altice optimum support ] [4.8221054]
[ optimum support app ] [4.8437643]
[ doesn’t work ] [4.8524914]
[ tv viewing optimum ] [4.9255066]
[ optimum app consistently ] [4.966213]
[ & improved ] [5.0]
[ figure print ] [5.0]
[ real person ] [5.028571]
[ auto pay ] [5.068182]
[ open latest update ] [5.069173]
[ past due amount ] [5.0761905]
[ optimum app due ] [5.109071]
[ automatic phone service ] [5.15]
[ optimum that’s terrible ] [5.153577]
[ place isn’t worth ] [5.2095237]
[ blank pages ] [5.25]
[ optimum internet service ] [5.281397]
[ frequent internet outages ] [5.3082705]
[ app crashes immediately ] [5.309219]
[ it’s absolutely useless ] [5.3251696]
[ bill app doesn’t ] [5.360315]
[ bs error message ] [5.366667]
[ completely useless app ] [5.370639]
[ worst app i’ve ] [5.377016]
[ home internet service ] [5.4035087]
[ bill payment option ] [5.4134827]
[ menu item feature ] [5.4153843]
[ app features work ] [5.4941864]
[ years i’ll forever ] [5.5]
[ prior vendor ] [5.5]
[ troubleshoot service problems ] [5.5555553]
[ customer service back ] [5.5787497]
[ lie bad service ] [5.5789475]
[ fourth time i’m ] [5.627418]
[ improved support app ] [5.632543]
[ customer support app ] [5.6592097]
[ optimum web page ] [5.661221]
[ user friendly app ] [5.671659]
[ good internet service ] [5.6892233]
[ billing system unavailable ] [5.693307]
[ support app doesn’t ] [5.694559]
[ lousy company optimum ] [5.724554]
[ altice login system ] [5.75]
[ immediately remove app ] [5.7637644]
[ customer service app ] [5.7816586]
[ apple mobile devices ] [5.790909]
[ contact tech support ] [5.8108845]
[ extra hold times ] [5.8170733]
[ bill can’t enroll ] [5.82664]
[ optimum can’t contract ] [5.8278875]
[ system unavailable” ] [5.85]
[ useless & garbage ] [5.894867]
[ customer service line ] [5.931428]
[ bad it’s hysterical ] [5.9789476]
[ worst cable company ] [5.9895234]
[ shame shame shame ] [6.0]
[ useless app im ] [6.0134954]
[ bills due date ] [6.0194974]
[ horrible customer service ] [6.0266666]
[ fun fact optimum ] [6.0445547]
[ internet bandwidth i’m ] [6.047187]
[ that’s complete bs ] [6.071429]
[ tv watching apps ] [6.0883255]
[ bill pay function ] [6.0887613]
[ internet connection anymore ] [6.093985]
[ bill pay option ] [6.098331]
[ terrible customer support ] [6.132288]
[ isn’t touch id ] [6.142857]
[ worst app experiences ] [6.147849]
[ iphone xs max ] [6.181818]
[ website doesn’t work ] [6.231802]
[ online account profile ] [6.232323]
[ stupid 'virtual chat ] [6.25]
[ terrible customer service ] [6.254737]
[ app doesn’t work ] [6.274151]
[ good customer service ] [6.312381]
[ bank app doesn’t ] [6.317008]
[ saturday time slot ] [6.3170733]
[ cables & computers ] [6.3333335]
[ auto pay can’t ] [6.3515153]
[ equipment doesn’t work ] [6.3524914]
[ company’s customer service ] [6.3599997]
[ customer service number ] [6.3599997]
[ poor user interface ] [6.395833]
[ tech support person ] [6.4108844]
[ disgustingly horrid app ] [6.421659]
[ poor customer service ] [6.4224997]
[ long time customers ] [6.454851]
[ worthless tropical storm ] [6.5]
[ smallest business unit ] [6.5]
[ internet troubleshooting works ] [6.527318]
[ special promotional pricing ] [6.6153846]
[ net customer site ] [6.6266665]
[ don’t work correctly ] [6.638961]
[ optimum system wouldn’t ] [6.644554]
[ big middle finger ] [6.6666665]
[ nearest optimum stores ] [6.7112217]
[ app crashes immediately app ] [6.730878]
[ worst customer service ] [6.752857]
[ customer service representative ] [6.8599997]
[ lousy customer service ] [6.8599997]
[ web browser & ] [6.866667]
[ terrible crap service optimum ] [7.0107203]
[ completely aggressive company ] [7.0371428]
[ bill smh ugh ] [7.0433073]
[ poor shabby installation ] [7.0625]
[ style cable boxes ] [7.116667]
[ network extremely unsure ] [7.1666665]
[ reliability & ease ] [7.166667]
[ single month terrible app ] [7.2462206]
[ great britain ct ] [7.25]
[ internet service provider company ] [7.291842]
[ user experience research ] [7.333333]
[ optimum’s customer service ] [7.3599997]
[ customer service rep ] [7.3599997]
[ bill pay method ] [7.361489]
[ automated bill pay ] [7.3614893]
[ it’s april mccoy ] [7.4]
[ facial recognition sign ] [7.4]
[ completely useless app crashes ] [7.4160933]
[ app quits unexpectedly ] [7.421659]
[ dev team attention ] [7.5]
[ correct authentication credentials ] [7.5]
[ net doesn’t work ] [7.5191584]
[ system unavailable” message ] [7.55]
[ activity & payments ] [7.8]
[ app simply doesn’t work ] [7.8741503]
[ cheap hybrid wrapper ] [8.0]
[ hardware & software ] [8.0]
[ customer service isn’t bad ] [8.081804]
[ payment methods effectively ] [8.133333]
[ “bill pay” part ] [8.2]
[ worst customer service i’ve ] [8.315357]
[ customer “care” centers ] [8.36]
[ billing service doesn’t work ] [8.395799]
[ real triple threat ] [8.428572]
[ don’t waste phone memory ] [8.510389]
[ ridiculous high cable prices ] [8.809829]
[ “bill system unavailable” ] [8.85]
[ minimum wage losers ] [9.0]
[ absolutely worst customer service ] [9.08619]
[ promising router management abilities ] [9.15]
[ real customer service person ] [9.388571]
[ blank white screen crashes ] [9.878788]
[ selling overpriced services app ] [9.921659]
[ tech app chat box wouldn’t ] [10.054993]
[ voicemail page doesn’t load ] [10.112016]
[ crazy bill pay constantly ] [10.13072]
[ optimum app doesn’t work anymore ] [10.318705]
[ print label doesn’t work ] [10.352491]
[ mobil server gig can’t ] [10.374243]
[ weak results can’t open ] [10.683332]
[ awesome support app prior ] [10.79921]
[ pay bill function doesn’t work ] [10.941253]
[ bill payer app bcuz ] [10.964966]
[ low budget operation🖕🏿 ] [11.25]
[ red exclamation point let’s ] [11.3]
[ giant telecommunication company don’t ] [11.361818]
[ blank webpage homepage icon ] [11.5]
[ optimum‘s remarkably poor service ] [12.0625]
[ customer services teams valuable hours ] [13.212941]
[ mesh wireless extender system ] [13.35]
[ ridiculous easter egg hunt ] [13.777778]
[ system unavailable” long long time ago ] [15.122627]
[ bill payment option doesn’t work prior app ] [15.1876335]
[ evil heartless money hungry company ] [17.9925]
[ netflix hulu amazon fios hbogo ] [21.714285]
[ low low low customer satisfaction rating ] [23.61]
[ title worst service worst speed high prize razeup ] [30.085712]
